<?xml version="1.0" encoding="UTF-8"?>
<!-- Generated by org.testng.reporters.JUnitReportReporter -->
<testsuite skipped="0" hostname="user" name="Diwalipackage.Diwaliclass" tests="4" failures="0" timestamp="28 Oct 2019 09:14:53 GMT" time="0.017" errors="0">
  <testcase name="m1" time="0.011" classname="Diwalipackage.Diwaliclass"/>
  <testcase name="m4" time="0.002" classname="Diwalipackage.Diwaliclass"/>
  <testcase name="m2" time="0.002" classname="Diwalipackage.Diwaliclass"/>
  <testcase name="m3" time="0.002" classname="Diwalipackage.Diwaliclass"/>
</testsuite> <!-- Diwalipackage.Diwaliclass -->
